<?xml version="1.0" encoding="UTF-8" standalone="no"?>
<testsuite failures="5" name="cucumber.runtime.formatter.JUnitFormatter" skipped="0" tests="5" time="387.473129">
<testcase classname="BigQuery sink - Validate BigQuery sink plugin error scenarios" name="Verify BigQuery Sink properties validation errors for mandatory fields" time="39.49598">
<failure message="org.openqa.selenium.NoSuchElementException: no such element: Unable to locate element: {&quot;method&quot;:&quot;xpath&quot;,&quot;selector&quot;:&quot;//*[@data-cy='referenceName']/following-sibling::div[@data-cy='property-row-error']&quot;}&#10;  (Session info: headless chrome=98.0.4758.102)&#10;For documentation on this error, please visit: https://selenium.dev/exceptions/#no_such_element&#10;Build info: version: '4.0.0-rc-1', revision: 'bc5511cbda'&#10;System info: host: 'runner-deployment-build-e2e-data-integrations-b8699d88f-mmfkp', ip: '10.116.17.2', os.name: 'Linux', os.arch: 'amd64', os.version: '5.4.170+', java.version: '1.8.0_312'&#10;Driver info: org.openqa.selenium.chrome.ChromeDriver&#10;Command: [bd6d81c54d338198be644ddbe430d3e6, findElement {using=xpath, value=//*[@data-cy='referenceName']/following-sibling::div[@data-cy='property-row-error']}]&#10;Capabilities {acceptInsecureCerts: false, browserName: chrome, browserVersion: 98.0.4758.102, chrome: {chromedriverVersion: 98.0.4758.102 (273bf7ac8c90..., userDataDir: /tmp/.com.google.Chrome.zm3H8v}, goog:chromeOptions: {debuggerAddress: localhost:43099}, javascriptEnabled: true, networkConnectionEnabled: false, pageLoadStrategy: normal, platform: LINUX, platformName: LINUX, proxy: Proxy(), se:cdp: ws://localhost:43099/devtoo..., se:cdpVersion: 98.0.4758.102, setWindowRect: true, strictFileInteractability: false, timeouts: {implicit: 0, pageLoad: 300000, script: 30000}, unhandledPromptBehavior: dismiss and notify, webauthn:extension:credBlob: true, webauthn:extension:largeBlob: true, webauthn:virtualAuthenticators: true}&#10;Session ID: bd6d81c54d338198be644ddbe430d3e6&#10;&#9;at sun.reflect.NativeConstructorAccessorImpl.newInstance0(Native Method)&#10;&#9;at sun.reflect.NativeConstructorAccessorImpl.newInstance(NativeConstructorAccessorImpl.java:62)&#10;&#9;at sun.reflect.DelegatingConstructorAccessorImpl.newInstance(DelegatingConstructorAccessorImpl.java:45)&#10;&#9;at java.lang.reflect.Constructor.newInstance(Constructor.java:423)&#10;&#9;at org.openqa.selenium.remote.codec.w3c.W3CHttpResponseCodec.createException(W3CHttpResponseCodec.java:200)&#10;&#9;at org.openqa.selenium.remote.codec.w3c.W3CHttpResponseCodec.decode(W3CHttpResponseCodec.java:133)&#10;&#9;at org.openqa.selenium.remote.codec.w3c.W3CHttpResponseCodec.decode(W3CHttpResponseCodec.java:53)&#10;&#9;at org.openqa.selenium.remote.HttpCommandExecutor.execute(HttpCommandExecutor.java:184)&#10;&#9;at org.openqa.selenium.remote.service.DriverCommandExecutor.invokeExecute(DriverCommandExecutor.java:164)&#10;&#9;at org.openqa.selenium.remote.service.DriverCommandExecutor.execute(DriverCommandExecutor.java:139)&#10;&#9;at org.openqa.selenium.remote.RemoteWebDriver.execute(RemoteWebDriver.java:547)&#10;&#9;at org.openqa.selenium.remote.ElementLocation$ElementFinder$2.findElement(ElementLocation.java:162)&#10;&#9;at org.openqa.selenium.remote.ElementLocation.findElement(ElementLocation.java:60)&#10;&#9;at org.openqa.selenium.remote.RemoteWebDriver.findElement(RemoteWebDriver.java:381)&#10;&#9;at org.openqa.selenium.remote.RemoteWebDriver.findElement(RemoteWebDriver.java:373)&#10;&#9;at io.cdap.e2e.pages.locators.CdfPluginPropertiesLocators.locatePluginPropertyInlineError(CdfPluginPropertiesLocators.java:59)&#10;&#9;at io.cdap.e2e.pages.actions.CdfPluginPropertiesActions.verifyPluginPropertyInlineErrorMessage(CdfPluginPropertiesActions.java:98)&#10;&#9;at io.cdap.e2e.pages.actions.CdfPluginPropertiesActions.verifyRequiredPropertyHasNoValueErrorMessage(CdfPluginPropertiesActions.java:124)&#10;&#9;at stepsdesign.PipelineSteps.validateMandatoryPropertyErrorFor(PipelineSteps.java:125)&#10;&#9;at ✽.Validate mandatory property error for &quot;referenceName&quot;(file:src/e2e-test/features/bigquery/sink/BigQuerySinkError.feature:9)&#10;"><![CDATA[Given Open Datafusion Project to configure pipeline.........................passed
When Sink is BigQuery.......................................................passed
Then Open BigQuery sink properties..........................................passed
Then Enter the BigQuery properties with blank property "referenceName"......passed
Then Validate mandatory property error for "referenceName"..................failed

StackTrace:
org.openqa.selenium.NoSuchElementException: no such element: Unable to locate element: {"method":"xpath","selector":"//*[@data-cy='referenceName']/following-sibling::div[@data-cy='property-row-error']"}
  (Session info: headless chrome=98.0.4758.102)
For documentation on this error, please visit: https://selenium.dev/exceptions/#no_such_element
Build info: version: '4.0.0-rc-1', revision: 'bc5511cbda'
System info: host: 'runner-deployment-build-e2e-data-integrations-b8699d88f-mmfkp', ip: '10.116.17.2', os.name: 'Linux', os.arch: 'amd64', os.version: '5.4.170+', java.version: '1.8.0_312'
Driver info: org.openqa.selenium.chrome.ChromeDriver
Command: [bd6d81c54d338198be644ddbe430d3e6, findElement {using=xpath, value=//*[@data-cy='referenceName']/following-sibling::div[@data-cy='property-row-error']}]
Capabilities {acceptInsecureCerts: false, browserName: chrome, browserVersion: 98.0.4758.102, chrome: {chromedriverVersion: 98.0.4758.102 (273bf7ac8c90..., userDataDir: /tmp/.com.google.Chrome.zm3H8v}, goog:chromeOptions: {debuggerAddress: localhost:43099}, javascriptEnabled: true, networkConnectionEnabled: false, pageLoadStrategy: normal, platform: LINUX, platformName: LINUX, proxy: Proxy(), se:cdp: ws://localhost:43099/devtoo..., se:cdpVersion: 98.0.4758.102, setWindowRect: true, strictFileInteractability: false, timeouts: {implicit: 0, pageLoad: 300000, script: 30000}, unhandledPromptBehavior: dismiss and notify, webauthn:extension:credBlob: true, webauthn:extension:largeBlob: true, webauthn:virtualAuthenticators: true}
Session ID: bd6d81c54d338198be644ddbe430d3e6
	at sun.reflect.NativeConstructorAccessorImpl.newInstance0(Native Method)
	at sun.reflect.NativeConstructorAccessorImpl.newInstance(NativeConstructorAccessorImpl.java:62)
	at sun.reflect.DelegatingConstructorAccessorImpl.newInstance(DelegatingConstructorAccessorImpl.java:45)
	at java.lang.reflect.Constructor.newInstance(Constructor.java:423)
	at org.openqa.selenium.remote.codec.w3c.W3CHttpResponseCodec.createException(W3CHttpResponseCodec.java:200)
	at org.openqa.selenium.remote.codec.w3c.W3CHttpResponseCodec.decode(W3CHttpResponseCodec.java:133)
	at org.openqa.selenium.remote.codec.w3c.W3CHttpResponseCodec.decode(W3CHttpResponseCodec.java:53)
	at org.openqa.selenium.remote.HttpCommandExecutor.execute(HttpCommandExecutor.java:184)
	at org.openqa.selenium.remote.service.DriverCommandExecutor.invokeExecute(DriverCommandExecutor.java:164)
	at org.openqa.selenium.remote.service.DriverCommandExecutor.execute(DriverCommandExecutor.java:139)
	at org.openqa.selenium.remote.RemoteWebDriver.execute(RemoteWebDriver.java:547)
	at org.openqa.selenium.remote.ElementLocation$ElementFinder$2.findElement(ElementLocation.java:162)
	at org.openqa.selenium.remote.ElementLocation.findElement(ElementLocation.java:60)
	at org.openqa.selenium.remote.RemoteWebDriver.findElement(RemoteWebDriver.java:381)
	at org.openqa.selenium.remote.RemoteWebDriver.findElement(RemoteWebDriver.java:373)
	at io.cdap.e2e.pages.locators.CdfPluginPropertiesLocators.locatePluginPropertyInlineError(CdfPluginPropertiesLocators.java:59)
	at io.cdap.e2e.pages.actions.CdfPluginPropertiesActions.verifyPluginPropertyInlineErrorMessage(CdfPluginPropertiesActions.java:98)
	at io.cdap.e2e.pages.actions.CdfPluginPropertiesActions.verifyRequiredPropertyHasNoValueErrorMessage(CdfPluginPropertiesActions.java:124)
	at stepsdesign.PipelineSteps.validateMandatoryPropertyErrorFor(PipelineSteps.java:125)
	at ✽.Validate mandatory property error for "referenceName"(file:src/e2e-test/features/bigquery/sink/BigQuerySinkError.feature:9)
]]></failure>
</testcase>
<testcase classname="BigQuery sink - Validate BigQuery sink plugin error scenarios" name="Verify BigQuery Sink properties validation errors for mandatory fields 2" time="37.707492">
<failure message="org.openqa.selenium.NoSuchElementException: no such element: Unable to locate element: {&quot;method&quot;:&quot;xpath&quot;,&quot;selector&quot;:&quot;//*[@data-cy='dataset']/following-sibling::div[@data-cy='property-row-error']&quot;}&#10;  (Session info: headless chrome=98.0.4758.102)&#10;For documentation on this error, please visit: https://selenium.dev/exceptions/#no_such_element&#10;Build info: version: '4.0.0-rc-1', revision: 'bc5511cbda'&#10;System info: host: 'runner-deployment-build-e2e-data-integrations-b8699d88f-mmfkp', ip: '10.116.17.2', os.name: 'Linux', os.arch: 'amd64', os.version: '5.4.170+', java.version: '1.8.0_312'&#10;Driver info: org.openqa.selenium.chrome.ChromeDriver&#10;Command: [bd6d81c54d338198be644ddbe430d3e6, findElement {using=xpath, value=//*[@data-cy='dataset']/following-sibling::div[@data-cy='property-row-error']}]&#10;Capabilities {acceptInsecureCerts: false, browserName: chrome, browserVersion: 98.0.4758.102, chrome: {chromedriverVersion: 98.0.4758.102 (273bf7ac8c90..., userDataDir: /tmp/.com.google.Chrome.zm3H8v}, goog:chromeOptions: {debuggerAddress: localhost:43099}, javascriptEnabled: true, networkConnectionEnabled: false, pageLoadStrategy: normal, platform: LINUX, platformName: LINUX, proxy: Proxy(), se:cdp: ws://localhost:43099/devtoo..., se:cdpVersion: 98.0.4758.102, setWindowRect: true, strictFileInteractability: false, timeouts: {implicit: 0, pageLoad: 300000, script: 30000}, unhandledPromptBehavior: dismiss and notify, webauthn:extension:credBlob: true, webauthn:extension:largeBlob: true, webauthn:virtualAuthenticators: true}&#10;Session ID: bd6d81c54d338198be644ddbe430d3e6&#10;&#9;at sun.reflect.NativeConstructorAccessorImpl.newInstance0(Native Method)&#10;&#9;at sun.reflect.NativeConstructorAccessorImpl.newInstance(NativeConstructorAccessorImpl.java:62)&#10;&#9;at sun.reflect.DelegatingConstructorAccessorImpl.newInstance(DelegatingConstructorAccessorImpl.java:45)&#10;&#9;at java.lang.reflect.Constructor.newInstance(Constructor.java:423)&#10;&#9;at org.openqa.selenium.remote.codec.w3c.W3CHttpResponseCodec.createException(W3CHttpResponseCodec.java:200)&#10;&#9;at org.openqa.selenium.remote.codec.w3c.W3CHttpResponseCodec.decode(W3CHttpResponseCodec.java:133)&#10;&#9;at org.openqa.selenium.remote.codec.w3c.W3CHttpResponseCodec.decode(W3CHttpResponseCodec.java:53)&#10;&#9;at org.openqa.selenium.remote.HttpCommandExecutor.execute(HttpCommandExecutor.java:184)&#10;&#9;at org.openqa.selenium.remote.service.DriverCommandExecutor.invokeExecute(DriverCommandExecutor.java:164)&#10;&#9;at org.openqa.selenium.remote.service.DriverCommandExecutor.execute(DriverCommandExecutor.java:139)&#10;&#9;at org.openqa.selenium.remote.RemoteWebDriver.execute(RemoteWebDriver.java:547)&#10;&#9;at org.openqa.selenium.remote.ElementLocation$ElementFinder$2.findElement(ElementLocation.java:162)&#10;&#9;at org.openqa.selenium.remote.ElementLocation.findElement(ElementLocation.java:60)&#10;&#9;at org.openqa.selenium.remote.RemoteWebDriver.findElement(RemoteWebDriver.java:381)&#10;&#9;at org.openqa.selenium.remote.RemoteWebDriver.findElement(RemoteWebDriver.java:373)&#10;&#9;at io.cdap.e2e.pages.locators.CdfPluginPropertiesLocators.locatePluginPropertyInlineError(CdfPluginPropertiesLocators.java:59)&#10;&#9;at io.cdap.e2e.pages.actions.CdfPluginPropertiesActions.verifyPluginPropertyInlineErrorMessage(CdfPluginPropertiesActions.java:98)&#10;&#9;at io.cdap.e2e.pages.actions.CdfPluginPropertiesActions.verifyRequiredPropertyHasNoValueErrorMessage(CdfPluginPropertiesActions.java:124)&#10;&#9;at stepsdesign.PipelineSteps.validateMandatoryPropertyErrorFor(PipelineSteps.java:125)&#10;&#9;at ✽.Validate mandatory property error for &quot;dataset&quot;(file:src/e2e-test/features/bigquery/sink/BigQuerySinkError.feature:9)&#10;"><![CDATA[Given Open Datafusion Project to configure pipeline.........................passed
When Sink is BigQuery.......................................................passed
Then Open BigQuery sink properties..........................................passed
Then Enter the BigQuery properties with blank property "dataset"............passed
Then Validate mandatory property error for "dataset"........................failed

StackTrace:
org.openqa.selenium.NoSuchElementException: no such element: Unable to locate element: {"method":"xpath","selector":"//*[@data-cy='dataset']/following-sibling::div[@data-cy='property-row-error']"}
  (Session info: headless chrome=98.0.4758.102)
For documentation on this error, please visit: https://selenium.dev/exceptions/#no_such_element
Build info: version: '4.0.0-rc-1', revision: 'bc5511cbda'
System info: host: 'runner-deployment-build-e2e-data-integrations-b8699d88f-mmfkp', ip: '10.116.17.2', os.name: 'Linux', os.arch: 'amd64', os.version: '5.4.170+', java.version: '1.8.0_312'
Driver info: org.openqa.selenium.chrome.ChromeDriver
Command: [bd6d81c54d338198be644ddbe430d3e6, findElement {using=xpath, value=//*[@data-cy='dataset']/following-sibling::div[@data-cy='property-row-error']}]
Capabilities {acceptInsecureCerts: false, browserName: chrome, browserVersion: 98.0.4758.102, chrome: {chromedriverVersion: 98.0.4758.102 (273bf7ac8c90..., userDataDir: /tmp/.com.google.Chrome.zm3H8v}, goog:chromeOptions: {debuggerAddress: localhost:43099}, javascriptEnabled: true, networkConnectionEnabled: false, pageLoadStrategy: normal, platform: LINUX, platformName: LINUX, proxy: Proxy(), se:cdp: ws://localhost:43099/devtoo..., se:cdpVersion: 98.0.4758.102, setWindowRect: true, strictFileInteractability: false, timeouts: {implicit: 0, pageLoad: 300000, script: 30000}, unhandledPromptBehavior: dismiss and notify, webauthn:extension:credBlob: true, webauthn:extension:largeBlob: true, webauthn:virtualAuthenticators: true}
Session ID: bd6d81c54d338198be644ddbe430d3e6
	at sun.reflect.NativeConstructorAccessorImpl.newInstance0(Native Method)
	at sun.reflect.NativeConstructorAccessorImpl.newInstance(NativeConstructorAccessorImpl.java:62)
	at sun.reflect.DelegatingConstructorAccessorImpl.newInstance(DelegatingConstructorAccessorImpl.java:45)
	at java.lang.reflect.Constructor.newInstance(Constructor.java:423)
	at org.openqa.selenium.remote.codec.w3c.W3CHttpResponseCodec.createException(W3CHttpResponseCodec.java:200)
	at org.openqa.selenium.remote.codec.w3c.W3CHttpResponseCodec.decode(W3CHttpResponseCodec.java:133)
	at org.openqa.selenium.remote.codec.w3c.W3CHttpResponseCodec.decode(W3CHttpResponseCodec.java:53)
	at org.openqa.selenium.remote.HttpCommandExecutor.execute(HttpCommandExecutor.java:184)
	at org.openqa.selenium.remote.service.DriverCommandExecutor.invokeExecute(DriverCommandExecutor.java:164)
	at org.openqa.selenium.remote.service.DriverCommandExecutor.execute(DriverCommandExecutor.java:139)
	at org.openqa.selenium.remote.RemoteWebDriver.execute(RemoteWebDriver.java:547)
	at org.openqa.selenium.remote.ElementLocation$ElementFinder$2.findElement(ElementLocation.java:162)
	at org.openqa.selenium.remote.ElementLocation.findElement(ElementLocation.java:60)
	at org.openqa.selenium.remote.RemoteWebDriver.findElement(RemoteWebDriver.java:381)
	at org.openqa.selenium.remote.RemoteWebDriver.findElement(RemoteWebDriver.java:373)
	at io.cdap.e2e.pages.locators.CdfPluginPropertiesLocators.locatePluginPropertyInlineError(CdfPluginPropertiesLocators.java:59)
	at io.cdap.e2e.pages.actions.CdfPluginPropertiesActions.verifyPluginPropertyInlineErrorMessage(CdfPluginPropertiesActions.java:98)
	at io.cdap.e2e.pages.actions.CdfPluginPropertiesActions.verifyRequiredPropertyHasNoValueErrorMessage(CdfPluginPropertiesActions.java:124)
	at stepsdesign.PipelineSteps.validateMandatoryPropertyErrorFor(PipelineSteps.java:125)
	at ✽.Validate mandatory property error for "dataset"(file:src/e2e-test/features/bigquery/sink/BigQuerySinkError.feature:9)
]]></failure>
</testcase>
<testcase classname="BigQuery sink - Validate BigQuery sink plugin error scenarios" name="Verify BigQuery Sink properties validation errors for mandatory fields 3" time="37.297461">
<failure message="org.openqa.selenium.NoSuchElementException: no such element: Unable to locate element: {&quot;method&quot;:&quot;xpath&quot;,&quot;selector&quot;:&quot;//*[@data-cy='table']/following-sibling::div[@data-cy='property-row-error']&quot;}&#10;  (Session info: headless chrome=98.0.4758.102)&#10;For documentation on this error, please visit: https://selenium.dev/exceptions/#no_such_element&#10;Build info: version: '4.0.0-rc-1', revision: 'bc5511cbda'&#10;System info: host: 'runner-deployment-build-e2e-data-integrations-b8699d88f-mmfkp', ip: '10.116.17.2', os.name: 'Linux', os.arch: 'amd64', os.version: '5.4.170+', java.version: '1.8.0_312'&#10;Driver info: org.openqa.selenium.chrome.ChromeDriver&#10;Command: [bd6d81c54d338198be644ddbe430d3e6, findElement {using=xpath, value=//*[@data-cy='table']/following-sibling::div[@data-cy='property-row-error']}]&#10;Capabilities {acceptInsecureCerts: false, browserName: chrome, browserVersion: 98.0.4758.102, chrome: {chromedriverVersion: 98.0.4758.102 (273bf7ac8c90..., userDataDir: /tmp/.com.google.Chrome.zm3H8v}, goog:chromeOptions: {debuggerAddress: localhost:43099}, javascriptEnabled: true, networkConnectionEnabled: false, pageLoadStrategy: normal, platform: LINUX, platformName: LINUX, proxy: Proxy(), se:cdp: ws://localhost:43099/devtoo..., se:cdpVersion: 98.0.4758.102, setWindowRect: true, strictFileInteractability: false, timeouts: {implicit: 0, pageLoad: 300000, script: 30000}, unhandledPromptBehavior: dismiss and notify, webauthn:extension:credBlob: true, webauthn:extension:largeBlob: true, webauthn:virtualAuthenticators: true}&#10;Session ID: bd6d81c54d338198be644ddbe430d3e6&#10;&#9;at sun.reflect.NativeConstructorAccessorImpl.newInstance0(Native Method)&#10;&#9;at sun.reflect.NativeConstructorAccessorImpl.newInstance(NativeConstructorAccessorImpl.java:62)&#10;&#9;at sun.reflect.DelegatingConstructorAccessorImpl.newInstance(DelegatingConstructorAccessorImpl.java:45)&#10;&#9;at java.lang.reflect.Constructor.newInstance(Constructor.java:423)&#10;&#9;at org.openqa.selenium.remote.codec.w3c.W3CHttpResponseCodec.createException(W3CHttpResponseCodec.java:200)&#10;&#9;at org.openqa.selenium.remote.codec.w3c.W3CHttpResponseCodec.decode(W3CHttpResponseCodec.java:133)&#10;&#9;at org.openqa.selenium.remote.codec.w3c.W3CHttpResponseCodec.decode(W3CHttpResponseCodec.java:53)&#10;&#9;at org.openqa.selenium.remote.HttpCommandExecutor.execute(HttpCommandExecutor.java:184)&#10;&#9;at org.openqa.selenium.remote.service.DriverCommandExecutor.invokeExecute(DriverCommandExecutor.java:164)&#10;&#9;at org.openqa.selenium.remote.service.DriverCommandExecutor.execute(DriverCommandExecutor.java:139)&#10;&#9;at org.openqa.selenium.remote.RemoteWebDriver.execute(RemoteWebDriver.java:547)&#10;&#9;at org.openqa.selenium.remote.ElementLocation$ElementFinder$2.findElement(ElementLocation.java:162)&#10;&#9;at org.openqa.selenium.remote.ElementLocation.findElement(ElementLocation.java:60)&#10;&#9;at org.openqa.selenium.remote.RemoteWebDriver.findElement(RemoteWebDriver.java:381)&#10;&#9;at org.openqa.selenium.remote.RemoteWebDriver.findElement(RemoteWebDriver.java:373)&#10;&#9;at io.cdap.e2e.pages.locators.CdfPluginPropertiesLocators.locatePluginPropertyInlineError(CdfPluginPropertiesLocators.java:59)&#10;&#9;at io.cdap.e2e.pages.actions.CdfPluginPropertiesActions.verifyPluginPropertyInlineErrorMessage(CdfPluginPropertiesActions.java:98)&#10;&#9;at io.cdap.e2e.pages.actions.CdfPluginPropertiesActions.verifyRequiredPropertyHasNoValueErrorMessage(CdfPluginPropertiesActions.java:124)&#10;&#9;at stepsdesign.PipelineSteps.validateMandatoryPropertyErrorFor(PipelineSteps.java:125)&#10;&#9;at ✽.Validate mandatory property error for &quot;table&quot;(file:src/e2e-test/features/bigquery/sink/BigQuerySinkError.feature:9)&#10;"><![CDATA[Given Open Datafusion Project to configure pipeline.........................passed
When Sink is BigQuery.......................................................passed
Then Open BigQuery sink properties..........................................passed
Then Enter the BigQuery properties with blank property "table"..............passed
Then Validate mandatory property error for "table"..........................failed

StackTrace:
org.openqa.selenium.NoSuchElementException: no such element: Unable to locate element: {"method":"xpath","selector":"//*[@data-cy='table']/following-sibling::div[@data-cy='property-row-error']"}
  (Session info: headless chrome=98.0.4758.102)
For documentation on this error, please visit: https://selenium.dev/exceptions/#no_such_element
Build info: version: '4.0.0-rc-1', revision: 'bc5511cbda'
System info: host: 'runner-deployment-build-e2e-data-integrations-b8699d88f-mmfkp', ip: '10.116.17.2', os.name: 'Linux', os.arch: 'amd64', os.version: '5.4.170+', java.version: '1.8.0_312'
Driver info: org.openqa.selenium.chrome.ChromeDriver
Command: [bd6d81c54d338198be644ddbe430d3e6, findElement {using=xpath, value=//*[@data-cy='table']/following-sibling::div[@data-cy='property-row-error']}]
Capabilities {acceptInsecureCerts: false, browserName: chrome, browserVersion: 98.0.4758.102, chrome: {chromedriverVersion: 98.0.4758.102 (273bf7ac8c90..., userDataDir: /tmp/.com.google.Chrome.zm3H8v}, goog:chromeOptions: {debuggerAddress: localhost:43099}, javascriptEnabled: true, networkConnectionEnabled: false, pageLoadStrategy: normal, platform: LINUX, platformName: LINUX, proxy: Proxy(), se:cdp: ws://localhost:43099/devtoo..., se:cdpVersion: 98.0.4758.102, setWindowRect: true, strictFileInteractability: false, timeouts: {implicit: 0, pageLoad: 300000, script: 30000}, unhandledPromptBehavior: dismiss and notify, webauthn:extension:credBlob: true, webauthn:extension:largeBlob: true, webauthn:virtualAuthenticators: true}
Session ID: bd6d81c54d338198be644ddbe430d3e6
	at sun.reflect.NativeConstructorAccessorImpl.newInstance0(Native Method)
	at sun.reflect.NativeConstructorAccessorImpl.newInstance(NativeConstructorAccessorImpl.java:62)
	at sun.reflect.DelegatingConstructorAccessorImpl.newInstance(DelegatingConstructorAccessorImpl.java:45)
	at java.lang.reflect.Constructor.newInstance(Constructor.java:423)
	at org.openqa.selenium.remote.codec.w3c.W3CHttpResponseCodec.createException(W3CHttpResponseCodec.java:200)
	at org.openqa.selenium.remote.codec.w3c.W3CHttpResponseCodec.decode(W3CHttpResponseCodec.java:133)
	at org.openqa.selenium.remote.codec.w3c.W3CHttpResponseCodec.decode(W3CHttpResponseCodec.java:53)
	at org.openqa.selenium.remote.HttpCommandExecutor.execute(HttpCommandExecutor.java:184)
	at org.openqa.selenium.remote.service.DriverCommandExecutor.invokeExecute(DriverCommandExecutor.java:164)
	at org.openqa.selenium.remote.service.DriverCommandExecutor.execute(DriverCommandExecutor.java:139)
	at org.openqa.selenium.remote.RemoteWebDriver.execute(RemoteWebDriver.java:547)
	at org.openqa.selenium.remote.ElementLocation$ElementFinder$2.findElement(ElementLocation.java:162)
	at org.openqa.selenium.remote.ElementLocation.findElement(ElementLocation.java:60)
	at org.openqa.selenium.remote.RemoteWebDriver.findElement(RemoteWebDriver.java:381)
	at org.openqa.selenium.remote.RemoteWebDriver.findElement(RemoteWebDriver.java:373)
	at io.cdap.e2e.pages.locators.CdfPluginPropertiesLocators.locatePluginPropertyInlineError(CdfPluginPropertiesLocators.java:59)
	at io.cdap.e2e.pages.actions.CdfPluginPropertiesActions.verifyPluginPropertyInlineErrorMessage(CdfPluginPropertiesActions.java:98)
	at io.cdap.e2e.pages.actions.CdfPluginPropertiesActions.verifyRequiredPropertyHasNoValueErrorMessage(CdfPluginPropertiesActions.java:124)
	at stepsdesign.PipelineSteps.validateMandatoryPropertyErrorFor(PipelineSteps.java:125)
	at ✽.Validate mandatory property error for "table"(file:src/e2e-test/features/bigquery/sink/BigQuerySinkError.feature:9)
]]></failure>
</testcase>
<testcase classname="BigQuery sink - Verification of GCS to BigQuery successful data transfer" name="Validate successful records transfer from GCS to BigQuery" time="136.643805">
<failure message="org.openqa.selenium.TimeoutException: Expected condition failed: waiting for visibility of Proxy element for: DefaultElementLocator 'By.xpath: //*[@data-cy='plugin-validation-success-msg']' (tried for 60 second(s) with 500 milliseconds interval)&#10;&#9;at org.openqa.selenium.support.ui.WebDriverWait.timeoutException(WebDriverWait.java:95)&#10;&#9;at org.openqa.selenium.support.ui.FluentWait.until(FluentWait.java:234)&#10;&#9;at io.cdap.e2e.utils.WaitHelper.waitForElementToBeDisplayed(WaitHelper.java:84)&#10;&#9;at io.cdap.e2e.utils.WaitHelper.waitForElementToBeDisplayed(WaitHelper.java:94)&#10;&#9;at io.cdap.e2e.pages.actions.CdfPluginPropertiesActions.verifyIfPluginIsValidatedSuccessfully(CdfPluginPropertiesActions.java:75)&#10;&#9;at stepsdesign.PipelineSteps.validatePluginProperties(PipelineSteps.java:119)&#10;&#9;at ✽.Validate &quot;GCS&quot; plugin properties(file:src/e2e-test/features/bigquery/sink/GCSToBigQuery.feature:11)&#10;Caused by: org.openqa.selenium.NoSuchElementException: no such element: Unable to locate element: {&quot;method&quot;:&quot;xpath&quot;,&quot;selector&quot;:&quot;//*[@data-cy='plugin-validation-success-msg']&quot;}&#10;  (Session info: headless chrome=98.0.4758.102)&#10;For documentation on this error, please visit: https://selenium.dev/exceptions/#no_such_element&#10;Build info: version: '4.0.0-rc-1', revision: 'bc5511cbda'&#10;System info: host: 'runner-deployment-build-e2e-data-integrations-b8699d88f-mmfkp', ip: '10.116.17.2', os.name: 'Linux', os.arch: 'amd64', os.version: '5.4.170+', java.version: '1.8.0_312'&#10;Driver info: org.openqa.selenium.chrome.ChromeDriver&#10;Command: [bd6d81c54d338198be644ddbe430d3e6, findElement {using=xpath, value=//*[@data-cy='plugin-validation-success-msg']}]&#10;Capabilities {acceptInsecureCerts: false, browserName: chrome, browserVersion: 98.0.4758.102, chrome: {chromedriverVersion: 98.0.4758.102 (273bf7ac8c90..., userDataDir: /tmp/.com.google.Chrome.zm3H8v}, goog:chromeOptions: {debuggerAddress: localhost:43099}, javascriptEnabled: true, networkConnectionEnabled: false, pageLoadStrategy: normal, platform: LINUX, platformName: LINUX, proxy: Proxy(), se:cdp: ws://localhost:43099/devtoo..., se:cdpVersion: 98.0.4758.102, setWindowRect: true, strictFileInteractability: false, timeouts: {implicit: 0, pageLoad: 300000, script: 30000}, unhandledPromptBehavior: dismiss and notify, webauthn:extension:credBlob: true, webauthn:extension:largeBlob: true, webauthn:virtualAuthenticators: true}&#10;Session ID: bd6d81c54d338198be644ddbe430d3e6&#10;&#9;at sun.reflect.NativeConstructorAccessorImpl.newInstance0(Native Method)&#10;&#9;at sun.reflect.NativeConstructorAccessorImpl.newInstance(NativeConstructorAccessorImpl.java:62)&#10;&#9;at sun.reflect.DelegatingConstructorAccessorImpl.newInstance(DelegatingConstructorAccessorImpl.java:45)&#10;&#9;at java.lang.reflect.Constructor.newInstance(Constructor.java:423)&#10;&#9;at org.openqa.selenium.remote.codec.w3c.W3CHttpResponseCodec.createException(W3CHttpResponseCodec.java:200)&#10;&#9;at org.openqa.selenium.remote.codec.w3c.W3CHttpResponseCodec.decode(W3CHttpResponseCodec.java:133)&#10;&#9;at org.openqa.selenium.remote.codec.w3c.W3CHttpResponseCodec.decode(W3CHttpResponseCodec.java:53)&#10;&#9;at org.openqa.selenium.remote.HttpCommandExecutor.execute(HttpCommandExecutor.java:184)&#10;&#9;at org.openqa.selenium.remote.service.DriverCommandExecutor.invokeExecute(DriverCommandExecutor.java:164)&#10;&#9;at org.openqa.selenium.remote.service.DriverCommandExecutor.execute(DriverCommandExecutor.java:139)&#10;&#9;at org.openqa.selenium.remote.RemoteWebDriver.execute(RemoteWebDriver.java:547)&#10;&#9;at org.openqa.selenium.remote.ElementLocation$ElementFinder$2.findElement(ElementLocation.java:162)&#10;&#9;at org.openqa.selenium.remote.ElementLocation.findElement(ElementLocation.java:60)&#10;&#9;at org.openqa.selenium.remote.RemoteWebDriver.findElement(RemoteWebDriver.java:381)&#10;&#9;at org.openqa.selenium.remote.RemoteWebDriver.findElement(RemoteWebDriver.java:373)&#10;&#9;at org.openqa.selenium.support.pagefactory.DefaultElementLocator.findElement(DefaultElementLocator.java:70)&#10;&#9;at org.openqa.selenium.support.pagefactory.internal.LocatingElementHandler.invoke(LocatingElementHandler.java:39)&#10;&#9;at com.sun.proxy.$Proxy21.isDisplayed(Unknown Source)&#10;&#9;at org.openqa.selenium.support.ui.ExpectedConditions.elementIfVisible(ExpectedConditions.java:314)&#10;&#9;at org.openqa.selenium.support.ui.ExpectedConditions.access$000(ExpectedConditions.java:43)&#10;&#9;at org.openqa.selenium.support.ui.ExpectedConditions$10.apply(ExpectedConditions.java:300)&#10;&#9;at org.openqa.selenium.support.ui.ExpectedConditions$10.apply(ExpectedConditions.java:297)&#10;&#9;at org.openqa.selenium.support.ui.FluentWait.until(FluentWait.java:211)&#10;&#9;at io.cdap.e2e.utils.WaitHelper.waitForElementToBeDisplayed(WaitHelper.java:84)&#10;&#9;at io.cdap.e2e.utils.WaitHelper.waitForElementToBeDisplayed(WaitHelper.java:94)&#10;&#9;at io.cdap.e2e.pages.actions.CdfPluginPropertiesActions.verifyIfPluginIsValidatedSuccessfully(CdfPluginPropertiesActions.java:75)&#10;&#9;at stepsdesign.PipelineSteps.validatePluginProperties(PipelineSteps.java:119)&#10;&#9;at sun.reflect.NativeMethodAccessorImpl.invoke0(Native Method)&#10;&#9;at sun.reflect.NativeMethodAccessorImpl.invoke(NativeMethodAccessorImpl.java:62)&#10;&#9;at sun.reflect.DelegatingMethodAccessorImpl.invoke(DelegatingMethodAccessorImpl.java:43)&#10;&#9;at java.lang.reflect.Method.invoke(Method.java:498)&#10;&#9;at cucumber.runtime.Utils$1.call(Utils.java:26)&#10;&#9;at cucumber.runtime.Timeout.timeout(Timeout.java:16)&#10;&#9;at cucumber.runtime.Utils.invoke(Utils.java:20)&#10;&#9;at cucumber.runtime.java.JavaStepDefinition.execute(JavaStepDefinition.java:57)&#10;&#9;at cucumber.runner.PickleStepDefinitionMatch.runStep(PickleStepDefinitionMatch.java:50)&#10;&#9;at cucumber.runner.TestStep.executeStep(TestStep.java:65)&#10;&#9;at cucumber.runner.TestStep.run(TestStep.java:50)&#10;&#9;at cucumber.runner.PickleStepTestStep.run(PickleStepTestStep.java:43)&#10;&#9;at cucumber.runner.TestCase.run(TestCase.java:46)&#10;&#9;at cucumber.runner.Runner.runPickle(Runner.java:50)&#10;&#9;at io.cucumber.junit.PickleRunners$NoStepDescriptions.run(PickleRunners.java:146)&#10;&#9;at io.cucumber.junit.FeatureRunner.runChild(FeatureRunner.java:68)&#10;&#9;at io.cucumber.junit.FeatureRunner.runChild(FeatureRunner.java:23)&#10;&#9;at org.junit.runners.ParentRunner$4.run(ParentRunner.java:331)&#10;&#9;at org.junit.runners.ParentRunner$1.schedule(ParentRunner.java:79)&#10;&#9;at org.junit.runners.ParentRunner.runChildren(ParentRunner.java:329)&#10;&#9;at org.junit.runners.ParentRunner.access$100(ParentRunner.java:66)&#10;&#9;at org.junit.runners.ParentRunner$2.evaluate(ParentRunner.java:293)&#10;&#9;at org.junit.runners.ParentRunner$3.evaluate(ParentRunner.java:306)&#10;&#9;at org.junit.runners.ParentRunner.run(ParentRunner.java:413)&#10;&#9;at io.cucumber.junit.Cucumber.runChild(Cucumber.java:144)&#10;&#9;at io.cucumber.junit.Cucumber.runChild(Cucumber.java:65)&#10;&#9;at org.junit.runners.ParentRunner$4.run(ParentRunner.java:331)&#10;&#9;at org.apache.maven.surefire.junitcore.pc.Scheduler$1.run(Scheduler.java:405)&#10;&#9;at org.apache.maven.surefire.junitcore.pc.InvokerStrategy.schedule(InvokerStrategy.java:54)&#10;&#9;at org.apache.maven.surefire.junitcore.pc.Scheduler.schedule(Scheduler.java:362)&#10;&#9;at org.junit.runners.ParentRunner.runChildren(ParentRunner.java:329)&#10;&#9;at org.junit.runners.ParentRunner.access$100(ParentRunner.java:66)&#10;&#9;at org.junit.runners.ParentRunner$2.evaluate(ParentRunner.java:293)&#10;&#9;at io.cucumber.junit.Cucumber$RunCucumber.evaluate(Cucumber.java:174)&#10;&#9;at org.junit.runners.ParentRunner$3.evaluate(ParentRunner.java:306)&#10;&#9;at org.junit.runners.ParentRunner.run(ParentRunner.java:413)&#10;&#9;at org.junit.runners.Suite.runChild(Suite.java:128)&#10;&#9;at org.junit.runners.Suite.runChild(Suite.java:27)&#10;&#9;at org.junit.runners.ParentRunner$4.run(ParentRunner.java:331)&#10;&#9;at org.apache.maven.surefire.junitcore.pc.Scheduler$1.run(Scheduler.java:405)&#10;&#9;at java.util.concurrent.Executors$RunnableAdapter.call(Executors.java:511)&#10;&#9;at java.util.concurrent.FutureTask.run(FutureTask.java:266)&#10;&#9;at java.util.concurrent.ThreadPoolExecutor.runWorker(ThreadPoolExecutor.java:1149)&#10;&#9;at java.util.concurrent.ThreadPoolExecutor$Worker.run(ThreadPoolExecutor.java:624)&#10;&#9;at java.lang.Thread.run(Thread.java:748)&#10;"><![CDATA[Given Open Datafusion Project to configure pipeline.........................passed
When Source is GCS..........................................................passed
When Sink is BigQuery.......................................................passed
Then Open GCS source properties.............................................passed
Then Enter the GCS source mandatory properties..............................passed
Then Validate "GCS" plugin properties.......................................failed
Then Close the GCS properties...............................................skipped
Then Open BigQuery sink properties..........................................skipped
Then Enter BigQuery property reference name.................................skipped
Then Enter BigQuery property projectId "projectId"..........................skipped
Then Enter BigQuery property datasetProjectId "projectId"...................skipped
Then Enter BigQuery property dataset "dataset"..............................skipped
Then Enter BigQuery sink property table name................................skipped
Then Enter BiqQuery property encryption key name "cmekBQ" if cmek is enabled.skipped
Then Toggle BigQuery sink property truncateTable to true....................skipped
Then Toggle BigQuery sink property updateTableSchema to true................skipped
Then Validate "BigQuery" plugin properties..................................skipped
Then Close the BigQuery properties..........................................skipped
Then Connect source as "GCS" and sink as "BigQuery" to establish connection.skipped
Then Save the pipeline......................................................skipped
Then Preview and run the pipeline...........................................skipped
Then Verify the preview of pipeline is "success"............................skipped
Then Close the preview......................................................skipped
Then Deploy the pipeline....................................................skipped
Then Run the Pipeline in Runtime............................................skipped
Then Wait till pipeline is in running state.................................skipped
Then Open and capture logs..................................................skipped
Then Verify the pipeline status is "Succeeded"..............................skipped
Then Get count of no of records transferred to target BigQuery Table........skipped
Then Validate the cmek key "cmekBQ" of target BigQuery table if cmek is enabled.skipped

StackTrace:
org.openqa.selenium.TimeoutException: Expected condition failed: waiting for visibility of Proxy element for: DefaultElementLocator 'By.xpath: //*[@data-cy='plugin-validation-success-msg']' (tried for 60 second(s) with 500 milliseconds interval)
	at org.openqa.selenium.support.ui.WebDriverWait.timeoutException(WebDriverWait.java:95)
	at org.openqa.selenium.support.ui.FluentWait.until(FluentWait.java:234)
	at io.cdap.e2e.utils.WaitHelper.waitForElementToBeDisplayed(WaitHelper.java:84)
	at io.cdap.e2e.utils.WaitHelper.waitForElementToBeDisplayed(WaitHelper.java:94)
	at io.cdap.e2e.pages.actions.CdfPluginPropertiesActions.verifyIfPluginIsValidatedSuccessfully(CdfPluginPropertiesActions.java:75)
	at stepsdesign.PipelineSteps.validatePluginProperties(PipelineSteps.java:119)
	at ✽.Validate "GCS" plugin properties(file:src/e2e-test/features/bigquery/sink/GCSToBigQuery.feature:11)
Caused by: org.openqa.selenium.NoSuchElementException: no such element: Unable to locate element: {"method":"xpath","selector":"//*[@data-cy='plugin-validation-success-msg']"}
  (Session info: headless chrome=98.0.4758.102)
For documentation on this error, please visit: https://selenium.dev/exceptions/#no_such_element
Build info: version: '4.0.0-rc-1', revision: 'bc5511cbda'
System info: host: 'runner-deployment-build-e2e-data-integrations-b8699d88f-mmfkp', ip: '10.116.17.2', os.name: 'Linux', os.arch: 'amd64', os.version: '5.4.170+', java.version: '1.8.0_312'
Driver info: org.openqa.selenium.chrome.ChromeDriver
Command: [bd6d81c54d338198be644ddbe430d3e6, findElement {using=xpath, value=//*[@data-cy='plugin-validation-success-msg']}]
Capabilities {acceptInsecureCerts: false, browserName: chrome, browserVersion: 98.0.4758.102, chrome: {chromedriverVersion: 98.0.4758.102 (273bf7ac8c90..., userDataDir: /tmp/.com.google.Chrome.zm3H8v}, goog:chromeOptions: {debuggerAddress: localhost:43099}, javascriptEnabled: true, networkConnectionEnabled: false, pageLoadStrategy: normal, platform: LINUX, platformName: LINUX, proxy: Proxy(), se:cdp: ws://localhost:43099/devtoo..., se:cdpVersion: 98.0.4758.102, setWindowRect: true, strictFileInteractability: false, timeouts: {implicit: 0, pageLoad: 300000, script: 30000}, unhandledPromptBehavior: dismiss and notify, webauthn:extension:credBlob: true, webauthn:extension:largeBlob: true, webauthn:virtualAuthenticators: true}
Session ID: bd6d81c54d338198be644ddbe430d3e6
	at sun.reflect.NativeConstructorAccessorImpl.newInstance0(Native Method)
	at sun.reflect.NativeConstructorAccessorImpl.newInstance(NativeConstructorAccessorImpl.java:62)
	at sun.reflect.DelegatingConstructorAccessorImpl.newInstance(DelegatingConstructorAccessorImpl.java:45)
	at java.lang.reflect.Constructor.newInstance(Constructor.java:423)
	at org.openqa.selenium.remote.codec.w3c.W3CHttpResponseCodec.createException(W3CHttpResponseCodec.java:200)
	at org.openqa.selenium.remote.codec.w3c.W3CHttpResponseCodec.decode(W3CHttpResponseCodec.java:133)
	at org.openqa.selenium.remote.codec.w3c.W3CHttpResponseCodec.decode(W3CHttpResponseCodec.java:53)
	at org.openqa.selenium.remote.HttpCommandExecutor.execute(HttpCommandExecutor.java:184)
	at org.openqa.selenium.remote.service.DriverCommandExecutor.invokeExecute(DriverCommandExecutor.java:164)
	at org.openqa.selenium.remote.service.DriverCommandExecutor.execute(DriverCommandExecutor.java:139)
	at org.openqa.selenium.remote.RemoteWebDriver.execute(RemoteWebDriver.java:547)
	at org.openqa.selenium.remote.ElementLocation$ElementFinder$2.findElement(ElementLocation.java:162)
	at org.openqa.selenium.remote.ElementLocation.findElement(ElementLocation.java:60)
	at org.openqa.selenium.remote.RemoteWebDriver.findElement(RemoteWebDriver.java:381)
	at org.openqa.selenium.remote.RemoteWebDriver.findElement(RemoteWebDriver.java:373)
	at org.openqa.selenium.support.pagefactory.DefaultElementLocator.findElement(DefaultElementLocator.java:70)
	at org.openqa.selenium.support.pagefactory.internal.LocatingElementHandler.invoke(LocatingElementHandler.java:39)
	at com.sun.proxy.$Proxy21.isDisplayed(Unknown Source)
	at org.openqa.selenium.support.ui.ExpectedConditions.elementIfVisible(ExpectedConditions.java:314)
	at org.openqa.selenium.support.ui.ExpectedConditions.access$000(ExpectedConditions.java:43)
	at org.openqa.selenium.support.ui.ExpectedConditions$10.apply(ExpectedConditions.java:300)
	at org.openqa.selenium.support.ui.ExpectedConditions$10.apply(ExpectedConditions.java:297)
	at org.openqa.selenium.support.ui.FluentWait.until(FluentWait.java:211)
	at io.cdap.e2e.utils.WaitHelper.waitForElementToBeDisplayed(WaitHelper.java:84)
	at io.cdap.e2e.utils.WaitHelper.waitForElementToBeDisplayed(WaitHelper.java:94)
	at io.cdap.e2e.pages.actions.CdfPluginPropertiesActions.verifyIfPluginIsValidatedSuccessfully(CdfPluginPropertiesActions.java:75)
	at stepsdesign.PipelineSteps.validatePluginProperties(PipelineSteps.java:119)
	at sun.reflect.NativeMethodAccessorImpl.invoke0(Native Method)
	at sun.reflect.NativeMethodAccessorImpl.invoke(NativeMethodAccessorImpl.java:62)
	at sun.reflect.DelegatingMethodAccessorImpl.invoke(DelegatingMethodAccessorImpl.java:43)
	at java.lang.reflect.Method.invoke(Method.java:498)
	at cucumber.runtime.Utils$1.call(Utils.java:26)
	at cucumber.runtime.Timeout.timeout(Timeout.java:16)
	at cucumber.runtime.Utils.invoke(Utils.java:20)
	at cucumber.runtime.java.JavaStepDefinition.execute(JavaStepDefinition.java:57)
	at cucumber.runner.PickleStepDefinitionMatch.runStep(PickleStepDefinitionMatch.java:50)
	at cucumber.runner.TestStep.executeStep(TestStep.java:65)
	at cucumber.runner.TestStep.run(TestStep.java:50)
	at cucumber.runner.PickleStepTestStep.run(PickleStepTestStep.java:43)
	at cucumber.runner.TestCase.run(TestCase.java:46)
	at cucumber.runner.Runner.runPickle(Runner.java:50)
	at io.cucumber.junit.PickleRunners$NoStepDescriptions.run(PickleRunners.java:146)
	at io.cucumber.junit.FeatureRunner.runChild(FeatureRunner.java:68)
	at io.cucumber.junit.FeatureRunner.runChild(FeatureRunner.java:23)
	at org.junit.runners.ParentRunner$4.run(ParentRunner.java:331)
	at org.junit.runners.ParentRunner$1.schedule(ParentRunner.java:79)
	at org.junit.runners.ParentRunner.runChildren(ParentRunner.java:329)
	at org.junit.runners.ParentRunner.access$100(ParentRunner.java:66)
	at org.junit.runners.ParentRunner$2.evaluate(ParentRunner.java:293)
	at org.junit.runners.ParentRunner$3.evaluate(ParentRunner.java:306)
	at org.junit.runners.ParentRunner.run(ParentRunner.java:413)
	at io.cucumber.junit.Cucumber.runChild(Cucumber.java:144)
	at io.cucumber.junit.Cucumber.runChild(Cucumber.java:65)
	at org.junit.runners.ParentRunner$4.run(ParentRunner.java:331)
	at org.apache.maven.surefire.junitcore.pc.Scheduler$1.run(Scheduler.java:405)
	at org.apache.maven.surefire.junitcore.pc.InvokerStrategy.schedule(InvokerStrategy.java:54)
	at org.apache.maven.surefire.junitcore.pc.Scheduler.schedule(Scheduler.java:362)
	at org.junit.runners.ParentRunner.runChildren(ParentRunner.java:329)
	at org.junit.runners.ParentRunner.access$100(ParentRunner.java:66)
	at org.junit.runners.ParentRunner$2.evaluate(ParentRunner.java:293)
	at io.cucumber.junit.Cucumber$RunCucumber.evaluate(Cucumber.java:174)
	at org.junit.runners.ParentRunner$3.evaluate(ParentRunner.java:306)
	at org.junit.runners.ParentRunner.run(ParentRunner.java:413)
	at org.junit.runners.Suite.runChild(Suite.java:128)
	at org.junit.runners.Suite.runChild(Suite.java:27)
	at org.junit.runners.ParentRunner$4.run(ParentRunner.java:331)
	at org.apache.maven.surefire.junitcore.pc.Scheduler$1.run(Scheduler.java:405)
	at java.util.concurrent.Executors$RunnableAdapter.call(Executors.java:511)
	at java.util.concurrent.FutureTask.run(FutureTask.java:266)
	at java.util.concurrent.ThreadPoolExecutor.runWorker(ThreadPoolExecutor.java:1149)
	at java.util.concurrent.ThreadPoolExecutor$Worker.run(ThreadPoolExecutor.java:624)
	at java.lang.Thread.run(Thread.java:748)
]]></failure>
</testcase>
<testcase classname="BigQuery sink - Verification of GCS to BigQuery successful data transfer with macro arguments" name="Validate successful records transfer from GCS to BigQuery with macro arguments" time="136.328391">
<failure message="org.openqa.selenium.TimeoutException: Expected condition failed: waiting for visibility of Proxy element for: DefaultElementLocator 'By.xpath: //*[@data-cy='plugin-validation-success-msg']' (tried for 60 second(s) with 500 milliseconds interval)&#10;&#9;at org.openqa.selenium.support.ui.WebDriverWait.timeoutException(WebDriverWait.java:95)&#10;&#9;at org.openqa.selenium.support.ui.FluentWait.until(FluentWait.java:234)&#10;&#9;at io.cdap.e2e.utils.WaitHelper.waitForElementToBeDisplayed(WaitHelper.java:84)&#10;&#9;at io.cdap.e2e.utils.WaitHelper.waitForElementToBeDisplayed(WaitHelper.java:94)&#10;&#9;at io.cdap.e2e.pages.actions.CdfPluginPropertiesActions.verifyIfPluginIsValidatedSuccessfully(CdfPluginPropertiesActions.java:75)&#10;&#9;at stepsdesign.PipelineSteps.validatePluginProperties(PipelineSteps.java:119)&#10;&#9;at ✽.Validate &quot;GCS&quot; plugin properties(file:src/e2e-test/features/bigquery/sink/GCSToBigQuery_WithMacro.feature:17)&#10;Caused by: org.openqa.selenium.NoSuchElementException: no such element: Unable to locate element: {&quot;method&quot;:&quot;xpath&quot;,&quot;selector&quot;:&quot;//*[@data-cy='plugin-validation-success-msg']&quot;}&#10;  (Session info: headless chrome=98.0.4758.102)&#10;For documentation on this error, please visit: https://selenium.dev/exceptions/#no_such_element&#10;Build info: version: '4.0.0-rc-1', revision: 'bc5511cbda'&#10;System info: host: 'runner-deployment-build-e2e-data-integrations-b8699d88f-mmfkp', ip: '10.116.17.2', os.name: 'Linux', os.arch: 'amd64', os.version: '5.4.170+', java.version: '1.8.0_312'&#10;Driver info: org.openqa.selenium.chrome.ChromeDriver&#10;Command: [bd6d81c54d338198be644ddbe430d3e6, findElement {using=xpath, value=//*[@data-cy='plugin-validation-success-msg']}]&#10;Capabilities {acceptInsecureCerts: false, browserName: chrome, browserVersion: 98.0.4758.102, chrome: {chromedriverVersion: 98.0.4758.102 (273bf7ac8c90..., userDataDir: /tmp/.com.google.Chrome.zm3H8v}, goog:chromeOptions: {debuggerAddress: localhost:43099}, javascriptEnabled: true, networkConnectionEnabled: false, pageLoadStrategy: normal, platform: LINUX, platformName: LINUX, proxy: Proxy(), se:cdp: ws://localhost:43099/devtoo..., se:cdpVersion: 98.0.4758.102, setWindowRect: true, strictFileInteractability: false, timeouts: {implicit: 0, pageLoad: 300000, script: 30000}, unhandledPromptBehavior: dismiss and notify, webauthn:extension:credBlob: true, webauthn:extension:largeBlob: true, webauthn:virtualAuthenticators: true}&#10;Session ID: bd6d81c54d338198be644ddbe430d3e6&#10;&#9;at sun.reflect.NativeConstructorAccessorImpl.newInstance0(Native Method)&#10;&#9;at sun.reflect.NativeConstructorAccessorImpl.newInstance(NativeConstructorAccessorImpl.java:62)&#10;&#9;at sun.reflect.DelegatingConstructorAccessorImpl.newInstance(DelegatingConstructorAccessorImpl.java:45)&#10;&#9;at java.lang.reflect.Constructor.newInstance(Constructor.java:423)&#10;&#9;at org.openqa.selenium.remote.codec.w3c.W3CHttpResponseCodec.createException(W3CHttpResponseCodec.java:200)&#10;&#9;at org.openqa.selenium.remote.codec.w3c.W3CHttpResponseCodec.decode(W3CHttpResponseCodec.java:133)&#10;&#9;at org.openqa.selenium.remote.codec.w3c.W3CHttpResponseCodec.decode(W3CHttpResponseCodec.java:53)&#10;&#9;at org.openqa.selenium.remote.HttpCommandExecutor.execute(HttpCommandExecutor.java:184)&#10;&#9;at org.openqa.selenium.remote.service.DriverCommandExecutor.invokeExecute(DriverCommandExecutor.java:164)&#10;&#9;at org.openqa.selenium.remote.service.DriverCommandExecutor.execute(DriverCommandExecutor.java:139)&#10;&#9;at org.openqa.selenium.remote.RemoteWebDriver.execute(RemoteWebDriver.java:547)&#10;&#9;at org.openqa.selenium.remote.ElementLocation$ElementFinder$2.findElement(ElementLocation.java:162)&#10;&#9;at org.openqa.selenium.remote.ElementLocation.findElement(ElementLocation.java:60)&#10;&#9;at org.openqa.selenium.remote.RemoteWebDriver.findElement(RemoteWebDriver.java:381)&#10;&#9;at org.openqa.selenium.remote.RemoteWebDriver.findElement(RemoteWebDriver.java:373)&#10;&#9;at org.openqa.selenium.support.pagefactory.DefaultElementLocator.findElement(DefaultElementLocator.java:70)&#10;&#9;at org.openqa.selenium.support.pagefactory.internal.LocatingElementHandler.invoke(LocatingElementHandler.java:39)&#10;&#9;at com.sun.proxy.$Proxy21.isDisplayed(Unknown Source)&#10;&#9;at org.openqa.selenium.support.ui.ExpectedConditions.elementIfVisible(ExpectedConditions.java:314)&#10;&#9;at org.openqa.selenium.support.ui.ExpectedConditions.access$000(ExpectedConditions.java:43)&#10;&#9;at org.openqa.selenium.support.ui.ExpectedConditions$10.apply(ExpectedConditions.java:300)&#10;&#9;at org.openqa.selenium.support.ui.ExpectedConditions$10.apply(ExpectedConditions.java:297)&#10;&#9;at org.openqa.selenium.support.ui.FluentWait.until(FluentWait.java:211)&#10;&#9;at io.cdap.e2e.utils.WaitHelper.waitForElementToBeDisplayed(WaitHelper.java:84)&#10;&#9;at io.cdap.e2e.utils.WaitHelper.waitForElementToBeDisplayed(WaitHelper.java:94)&#10;&#9;at io.cdap.e2e.pages.actions.CdfPluginPropertiesActions.verifyIfPluginIsValidatedSuccessfully(CdfPluginPropertiesActions.java:75)&#10;&#9;at stepsdesign.PipelineSteps.validatePluginProperties(PipelineSteps.java:119)&#10;&#9;at sun.reflect.NativeMethodAccessorImpl.invoke0(Native Method)&#10;&#9;at sun.reflect.NativeMethodAccessorImpl.invoke(NativeMethodAccessorImpl.java:62)&#10;&#9;at sun.reflect.DelegatingMethodAccessorImpl.invoke(DelegatingMethodAccessorImpl.java:43)&#10;&#9;at java.lang.reflect.Method.invoke(Method.java:498)&#10;&#9;at cucumber.runtime.Utils$1.call(Utils.java:26)&#10;&#9;at cucumber.runtime.Timeout.timeout(Timeout.java:16)&#10;&#9;at cucumber.runtime.Utils.invoke(Utils.java:20)&#10;&#9;at cucumber.runtime.java.JavaStepDefinition.execute(JavaStepDefinition.java:57)&#10;&#9;at cucumber.runner.PickleStepDefinitionMatch.runStep(PickleStepDefinitionMatch.java:50)&#10;&#9;at cucumber.runner.TestStep.executeStep(TestStep.java:65)&#10;&#9;at cucumber.runner.TestStep.run(TestStep.java:50)&#10;&#9;at cucumber.runner.PickleStepTestStep.run(PickleStepTestStep.java:43)&#10;&#9;at cucumber.runner.TestCase.run(TestCase.java:46)&#10;&#9;at cucumber.runner.Runner.runPickle(Runner.java:50)&#10;&#9;at io.cucumber.junit.PickleRunners$NoStepDescriptions.run(PickleRunners.java:146)&#10;&#9;at io.cucumber.junit.FeatureRunner.runChild(FeatureRunner.java:68)&#10;&#9;at io.cucumber.junit.FeatureRunner.runChild(FeatureRunner.java:23)&#10;&#9;at org.junit.runners.ParentRunner$4.run(ParentRunner.java:331)&#10;&#9;at org.junit.runners.ParentRunner$1.schedule(ParentRunner.java:79)&#10;&#9;at org.junit.runners.ParentRunner.runChildren(ParentRunner.java:329)&#10;&#9;at org.junit.runners.ParentRunner.access$100(ParentRunner.java:66)&#10;&#9;at org.junit.runners.ParentRunner$2.evaluate(ParentRunner.java:293)&#10;&#9;at org.junit.runners.ParentRunner$3.evaluate(ParentRunner.java:306)&#10;&#9;at org.junit.runners.ParentRunner.run(ParentRunner.java:413)&#10;&#9;at io.cucumber.junit.Cucumber.runChild(Cucumber.java:144)&#10;&#9;at io.cucumber.junit.Cucumber.runChild(Cucumber.java:65)&#10;&#9;at org.junit.runners.ParentRunner$4.run(ParentRunner.java:331)&#10;&#9;at org.apache.maven.surefire.junitcore.pc.Scheduler$1.run(Scheduler.java:405)&#10;&#9;at org.apache.maven.surefire.junitcore.pc.InvokerStrategy.schedule(InvokerStrategy.java:54)&#10;&#9;at org.apache.maven.surefire.junitcore.pc.Scheduler.schedule(Scheduler.java:362)&#10;&#9;at org.junit.runners.ParentRunner.runChildren(ParentRunner.java:329)&#10;&#9;at org.junit.runners.ParentRunner.access$100(ParentRunner.java:66)&#10;&#9;at org.junit.runners.ParentRunner$2.evaluate(ParentRunner.java:293)&#10;&#9;at io.cucumber.junit.Cucumber$RunCucumber.evaluate(Cucumber.java:174)&#10;&#9;at org.junit.runners.ParentRunner$3.evaluate(ParentRunner.java:306)&#10;&#9;at org.junit.runners.ParentRunner.run(ParentRunner.java:413)&#10;&#9;at org.junit.runners.Suite.runChild(Suite.java:128)&#10;&#9;at org.junit.runners.Suite.runChild(Suite.java:27)&#10;&#9;at org.junit.runners.ParentRunner$4.run(ParentRunner.java:331)&#10;&#9;at org.apache.maven.surefire.junitcore.pc.Scheduler$1.run(Scheduler.java:405)&#10;&#9;at java.util.concurrent.Executors$RunnableAdapter.call(Executors.java:511)&#10;&#9;at java.util.concurrent.FutureTask.run(FutureTask.java:266)&#10;&#9;at java.util.concurrent.ThreadPoolExecutor.runWorker(ThreadPoolExecutor.java:1149)&#10;&#9;at java.util.concurrent.ThreadPoolExecutor$Worker.run(ThreadPoolExecutor.java:624)&#10;&#9;at java.lang.Thread.run(Thread.java:748)&#10;"><![CDATA[Given Open Datafusion Project to configure pipeline.........................passed
When Source is GCS..........................................................passed
When Sink is BigQuery.......................................................passed
Then Open GCS source properties.............................................passed
Then Enter GCS property reference name......................................passed
Then Enter GCS property "projectId" as macro argument "gcsProjectId"........passed
Then Enter GCS property "serviceAccountFilePath" as macro argument "gcsServiceAccount".passed
Then Enter GCS property "path" as macro argument "gcsSourcePath"............passed
Then Enter GCS source property "skipHeader" as macro argument "gcsSkipHeader".passed
Then Enter GCS property "format" as macro argument "gcsFormat"..............passed
Then Enter GCS source property output schema "outputSchema" as macro argument "gcsOutputSchema".passed
Then Validate "GCS" plugin properties.......................................failed
Then Close the GCS properties...............................................skipped
Then Open BigQuery sink properties..........................................skipped
Then Enter BigQuery property reference name.................................skipped
Then Enter BigQuery property "projectId" as macro argument "bqProjectId"....skipped
Then Enter BigQuery property "datasetProjectId" as macro argument "bqDatasetProjectId".skipped
Then Enter BigQuery property "serviceAccountFilePath" as macro argument "bqServiceAccount".skipped
Then Enter BigQuery property "dataset" as macro argument "bqDataset"........skipped
Then Enter BigQuery property "table" as macro argument "bqTargetTable"......skipped
Then Enter BigQuery cmek property "encryptionKeyName" as macro argument "cmekBQ" if cmek is enabled.skipped
Then Enter BigQuery sink property "truncateTable" as macro argument "bqTruncateTable".skipped
Then Enter BigQuery sink property "updateTableSchema" as macro argument "bqUpdateTableSchema".skipped
Then Validate "BigQuery" plugin properties..................................skipped
Then Close the BigQuery properties..........................................skipped
Then Connect source as "GCS" and sink as "BigQuery" to establish connection.skipped
Then Save the pipeline......................................................skipped
Then Preview and run the pipeline...........................................skipped
Then Enter runtime argument value "projectId" for key "gcsProjectId"........skipped
Then Enter runtime argument value "serviceAccountAutoDetect" for key "gcsServiceAccount".skipped
Then Enter runtime argument value "gcsCsvFile" for GCS source property path key "gcsSourcePath".skipped
Then Enter runtime argument value "gcsSkipHeaderTrue" for key "gcsSkipHeader".skipped
Then Enter runtime argument value "csvFormat" for key "gcsFormat"...........skipped
Then Enter runtime argument value "gcsCSVFileOutputSchema" for key "gcsOutputSchema".skipped
Then Enter runtime argument value "projectId" for key "bqProjectId".........skipped
Then Enter runtime argument value "projectId" for key "bqDatasetProjectId"..skipped
Then Enter runtime argument value "serviceAccountAutoDetect" for key "bqServiceAccount".skipped
Then Enter runtime argument value "dataset" for key "bqDataset".............skipped
Then Enter runtime argument value for BigQuery sink table name key "bqTargetTable".skipped
Then Enter runtime argument value "cmekBQ" for BigQuery cmek property key "cmekBQ" if BQ cmek is enabled.skipped
Then Enter runtime argument value "bqTruncateTableTrue" for key "bqTruncateTable".skipped
Then Enter runtime argument value "bqUpdateTableSchemaTrue" for key "bqUpdateTableSchema".skipped
Then Run the preview of pipeline with runtime arguments.....................skipped
Then Verify the preview of pipeline is "success"............................skipped
Then Close the preview......................................................skipped
Then Deploy the pipeline....................................................skipped
Then Run the Pipeline in Runtime............................................skipped
Then Enter runtime argument value "projectId" for key "gcsProjectId"........skipped
Then Enter runtime argument value "serviceAccountAutoDetect" for key "gcsServiceAccount".skipped
Then Enter runtime argument value "gcsCsvFile" for GCS source property path key "gcsSourcePath".skipped
Then Enter runtime argument value "gcsSkipHeaderTrue" for key "gcsSkipHeader".skipped
Then Enter runtime argument value "csvFormat" for key "gcsFormat"...........skipped
Then Enter runtime argument value "gcsCSVFileOutputSchema" for key "gcsOutputSchema".skipped
Then Enter runtime argument value "projectId" for key "bqProjectId".........skipped
Then Enter runtime argument value "projectId" for key "bqDatasetProjectId"..skipped
Then Enter runtime argument value "serviceAccountAutoDetect" for key "bqServiceAccount".skipped
Then Enter runtime argument value "dataset" for key "bqDataset".............skipped
Then Enter runtime argument value for BigQuery sink table name key "bqTargetTable".skipped
Then Enter runtime argument value "cmekBQ" for BigQuery cmek property key "cmekBQ" if BQ cmek is enabled.skipped
Then Enter runtime argument value "bqTruncateTableTrue" for key "bqTruncateTable".skipped
Then Enter runtime argument value "bqUpdateTableSchemaTrue" for key "bqUpdateTableSchema".skipped
Then Run the Pipeline in Runtime with runtime arguments.....................skipped
Then Wait till pipeline is in running state.................................skipped
Then Open and capture logs..................................................skipped
Then Verify the pipeline status is "Succeeded"..............................skipped
Then Get count of no of records transferred to target BigQuery Table........skipped
Then Validate the cmek key "cmekBQ" of target BigQuery table if cmek is enabled.skipped

StackTrace:
org.openqa.selenium.TimeoutException: Expected condition failed: waiting for visibility of Proxy element for: DefaultElementLocator 'By.xpath: //*[@data-cy='plugin-validation-success-msg']' (tried for 60 second(s) with 500 milliseconds interval)
	at org.openqa.selenium.support.ui.WebDriverWait.timeoutException(WebDriverWait.java:95)
	at org.openqa.selenium.support.ui.FluentWait.until(FluentWait.java:234)
	at io.cdap.e2e.utils.WaitHelper.waitForElementToBeDisplayed(WaitHelper.java:84)
	at io.cdap.e2e.utils.WaitHelper.waitForElementToBeDisplayed(WaitHelper.java:94)
	at io.cdap.e2e.pages.actions.CdfPluginPropertiesActions.verifyIfPluginIsValidatedSuccessfully(CdfPluginPropertiesActions.java:75)
	at stepsdesign.PipelineSteps.validatePluginProperties(PipelineSteps.java:119)
	at ✽.Validate "GCS" plugin properties(file:src/e2e-test/features/bigquery/sink/GCSToBigQuery_WithMacro.feature:17)
Caused by: org.openqa.selenium.NoSuchElementException: no such element: Unable to locate element: {"method":"xpath","selector":"//*[@data-cy='plugin-validation-success-msg']"}
  (Session info: headless chrome=98.0.4758.102)
For documentation on this error, please visit: https://selenium.dev/exceptions/#no_such_element
Build info: version: '4.0.0-rc-1', revision: 'bc5511cbda'
System info: host: 'runner-deployment-build-e2e-data-integrations-b8699d88f-mmfkp', ip: '10.116.17.2', os.name: 'Linux', os.arch: 'amd64', os.version: '5.4.170+', java.version: '1.8.0_312'
Driver info: org.openqa.selenium.chrome.ChromeDriver
Command: [bd6d81c54d338198be644ddbe430d3e6, findElement {using=xpath, value=//*[@data-cy='plugin-validation-success-msg']}]
Capabilities {acceptInsecureCerts: false, browserName: chrome, browserVersion: 98.0.4758.102, chrome: {chromedriverVersion: 98.0.4758.102 (273bf7ac8c90..., userDataDir: /tmp/.com.google.Chrome.zm3H8v}, goog:chromeOptions: {debuggerAddress: localhost:43099}, javascriptEnabled: true, networkConnectionEnabled: false, pageLoadStrategy: normal, platform: LINUX, platformName: LINUX, proxy: Proxy(), se:cdp: ws://localhost:43099/devtoo..., se:cdpVersion: 98.0.4758.102, setWindowRect: true, strictFileInteractability: false, timeouts: {implicit: 0, pageLoad: 300000, script: 30000}, unhandledPromptBehavior: dismiss and notify, webauthn:extension:credBlob: true, webauthn:extension:largeBlob: true, webauthn:virtualAuthenticators: true}
Session ID: bd6d81c54d338198be644ddbe430d3e6
	at sun.reflect.NativeConstructorAccessorImpl.newInstance0(Native Method)
	at sun.reflect.NativeConstructorAccessorImpl.newInstance(NativeConstructorAccessorImpl.java:62)
	at sun.reflect.DelegatingConstructorAccessorImpl.newInstance(DelegatingConstructorAccessorImpl.java:45)
	at java.lang.reflect.Constructor.newInstance(Constructor.java:423)
	at org.openqa.selenium.remote.codec.w3c.W3CHttpResponseCodec.createException(W3CHttpResponseCodec.java:200)
	at org.openqa.selenium.remote.codec.w3c.W3CHttpResponseCodec.decode(W3CHttpResponseCodec.java:133)
	at org.openqa.selenium.remote.codec.w3c.W3CHttpResponseCodec.decode(W3CHttpResponseCodec.java:53)
	at org.openqa.selenium.remote.HttpCommandExecutor.execute(HttpCommandExecutor.java:184)
	at org.openqa.selenium.remote.service.DriverCommandExecutor.invokeExecute(DriverCommandExecutor.java:164)
	at org.openqa.selenium.remote.service.DriverCommandExecutor.execute(DriverCommandExecutor.java:139)
	at org.openqa.selenium.remote.RemoteWebDriver.execute(RemoteWebDriver.java:547)
	at org.openqa.selenium.remote.ElementLocation$ElementFinder$2.findElement(ElementLocation.java:162)
	at org.openqa.selenium.remote.ElementLocation.findElement(ElementLocation.java:60)
	at org.openqa.selenium.remote.RemoteWebDriver.findElement(RemoteWebDriver.java:381)
	at org.openqa.selenium.remote.RemoteWebDriver.findElement(RemoteWebDriver.java:373)
	at org.openqa.selenium.support.pagefactory.DefaultElementLocator.findElement(DefaultElementLocator.java:70)
	at org.openqa.selenium.support.pagefactory.internal.LocatingElementHandler.invoke(LocatingElementHandler.java:39)
	at com.sun.proxy.$Proxy21.isDisplayed(Unknown Source)
	at org.openqa.selenium.support.ui.ExpectedConditions.elementIfVisible(ExpectedConditions.java:314)
	at org.openqa.selenium.support.ui.ExpectedConditions.access$000(ExpectedConditions.java:43)
	at org.openqa.selenium.support.ui.ExpectedConditions$10.apply(ExpectedConditions.java:300)
	at org.openqa.selenium.support.ui.ExpectedConditions$10.apply(ExpectedConditions.java:297)
	at org.openqa.selenium.support.ui.FluentWait.until(FluentWait.java:211)
	at io.cdap.e2e.utils.WaitHelper.waitForElementToBeDisplayed(WaitHelper.java:84)
	at io.cdap.e2e.utils.WaitHelper.waitForElementToBeDisplayed(WaitHelper.java:94)
	at io.cdap.e2e.pages.actions.CdfPluginPropertiesActions.verifyIfPluginIsValidatedSuccessfully(CdfPluginPropertiesActions.java:75)
	at stepsdesign.PipelineSteps.validatePluginProperties(PipelineSteps.java:119)
	at sun.reflect.NativeMethodAccessorImpl.invoke0(Native Method)
	at sun.reflect.NativeMethodAccessorImpl.invoke(NativeMethodAccessorImpl.java:62)
	at sun.reflect.DelegatingMethodAccessorImpl.invoke(DelegatingMethodAccessorImpl.java:43)
	at java.lang.reflect.Method.invoke(Method.java:498)
	at cucumber.runtime.Utils$1.call(Utils.java:26)
	at cucumber.runtime.Timeout.timeout(Timeout.java:16)
	at cucumber.runtime.Utils.invoke(Utils.java:20)
	at cucumber.runtime.java.JavaStepDefinition.execute(JavaStepDefinition.java:57)
	at cucumber.runner.PickleStepDefinitionMatch.runStep(PickleStepDefinitionMatch.java:50)
	at cucumber.runner.TestStep.executeStep(TestStep.java:65)
	at cucumber.runner.TestStep.run(TestStep.java:50)
	at cucumber.runner.PickleStepTestStep.run(PickleStepTestStep.java:43)
	at cucumber.runner.TestCase.run(TestCase.java:46)
	at cucumber.runner.Runner.runPickle(Runner.java:50)
	at io.cucumber.junit.PickleRunners$NoStepDescriptions.run(PickleRunners.java:146)
	at io.cucumber.junit.FeatureRunner.runChild(FeatureRunner.java:68)
	at io.cucumber.junit.FeatureRunner.runChild(FeatureRunner.java:23)
	at org.junit.runners.ParentRunner$4.run(ParentRunner.java:331)
	at org.junit.runners.ParentRunner$1.schedule(ParentRunner.java:79)
	at org.junit.runners.ParentRunner.runChildren(ParentRunner.java:329)
	at org.junit.runners.ParentRunner.access$100(ParentRunner.java:66)
	at org.junit.runners.ParentRunner$2.evaluate(ParentRunner.java:293)
	at org.junit.runners.ParentRunner$3.evaluate(ParentRunner.java:306)
	at org.junit.runners.ParentRunner.run(ParentRunner.java:413)
	at io.cucumber.junit.Cucumber.runChild(Cucumber.java:144)
	at io.cucumber.junit.Cucumber.runChild(Cucumber.java:65)
	at org.junit.runners.ParentRunner$4.run(ParentRunner.java:331)
	at org.apache.maven.surefire.junitcore.pc.Scheduler$1.run(Scheduler.java:405)
	at org.apache.maven.surefire.junitcore.pc.InvokerStrategy.schedule(InvokerStrategy.java:54)
	at org.apache.maven.surefire.junitcore.pc.Scheduler.schedule(Scheduler.java:362)
	at org.junit.runners.ParentRunner.runChildren(ParentRunner.java:329)
	at org.junit.runners.ParentRunner.access$100(ParentRunner.java:66)
	at org.junit.runners.ParentRunner$2.evaluate(ParentRunner.java:293)
	at io.cucumber.junit.Cucumber$RunCucumber.evaluate(Cucumber.java:174)
	at org.junit.runners.ParentRunner$3.evaluate(ParentRunner.java:306)
	at org.junit.runners.ParentRunner.run(ParentRunner.java:413)
	at org.junit.runners.Suite.runChild(Suite.java:128)
	at org.junit.runners.Suite.runChild(Suite.java:27)
	at org.junit.runners.ParentRunner$4.run(ParentRunner.java:331)
	at org.apache.maven.surefire.junitcore.pc.Scheduler$1.run(Scheduler.java:405)
	at java.util.concurrent.Executors$RunnableAdapter.call(Executors.java:511)
	at java.util.concurrent.FutureTask.run(FutureTask.java:266)
	at java.util.concurrent.ThreadPoolExecutor.runWorker(ThreadPoolExecutor.java:1149)
	at java.util.concurrent.ThreadPoolExecutor$Worker.run(ThreadPoolExecutor.java:624)
	at java.lang.Thread.run(Thread.java:748)
]]></failure>
</testcase>
</testsuite>
